<?xml version="1.0" encoding="UTF-8"?>
<!-- Generated by org.testng.reporters.JUnitReportReporter -->
<testsuite hostname="LAPTOP-HO82ILSL" failures="0" tests="1" name="mobiletesting.NewTest1" time="35.294" errors="0" timestamp="2023-01-19T11:42:05 IST" skipped="0">
  <testcase classname="mobiletesting.NewTest1" name="t1" time="35.294"/>
  <system-out/>
</testsuite> <!-- mobiletesting.NewTest1 -->
